<html>
<head>
<meta http-equiv="Content-Type" content="text/html; charset=ISO-8859-1"/>
<title>Error 500 Internal Server Error</title>
</head>
<body><h2>HTTP ERROR 500</h2>
<p>Problem accessing /api/lol/euw/v2.2/matchlist/by-summoner/19783349. Reason:
<pre>    Internal Server Error</pre></p><br/>                                                
<br/>                                                
<br/>                                                
<br/>                                                
<br/>                                                
<br/>                                                
<br/>                                                
<br/>                                                
<br/>                                                
<br/>                                                
<br/>                                                
<br/>                                                
<br/>                                                
<br/>                                                
<br/>                                                
<br/>                                                
<br/>                                                
<br/>                                                
<br/>                                                
<br/>                                                

</body>
</html>
